*******************************************************************
* Genome-wide Complex Trait Analysis (GCTA)
* version v1.94.1 Linux
* Built at Nov 15 2022 21:14:25, by GCC 8.5
* (C) 2010-present, Yang Lab, Westlake University
* Please report bugs to Jian Yang <jian.yang@westlake.edu.cn>
*******************************************************************
Analysis started at 15:19:15 CET on Tue Mar 26 2024.
Hostname: dandycomp03fl.unicph.domain

Accepted options:
--bfile plink/GCF_009738105.1_ASM973810v1strep_mutans_asm5_4.aln
--maf 0.05
--keep full.indlist
--pc-loading full.strep_mutans_asm5_4
--out full.strep_mutans_asm5_4
--threads 5

Note: the program will be running on 5 threads.

Reading PLINK FAM file from [plink/GCF_009738105.1_ASM973810v1strep_mutans_asm5_4.aln.fam].
280 individuals to be included from [plink/GCF_009738105.1_ASM973810v1strep_mutans_asm5_4.aln.fam].
277 individuals are kept from [full.indlist].
Reading PLINK BIM file from [plink/GCF_009738105.1_ASM973810v1strep_mutans_asm5_4.aln.bim].
38913 SNPs to be included from [plink/GCF_009738105.1_ASM973810v1strep_mutans_asm5_4.aln.bim].
Reading PLINK BED file from [plink/GCF_009738105.1_ASM973810v1strep_mutans_asm5_4.aln.bed] in SNP-major format ...
Genotype data for 277 individuals and 38913 SNPs to be included from [plink/GCF_009738105.1_ASM973810v1strep_mutans_asm5_4.aln.bed].
Calculating allele frequencies ...
Filtering SNPs with MAF > 0.05 ...
After filtering SNPs with MAF > 0.05, there are 3980 SNPs (34933 SNPs with MAF < 0.05).
Reading eigenvectors from [full.strep_mutans_asm5_4.eigenvec].
50 eigenvectors of 277 individuals are included from [full.strep_mutans_asm5_4.eigenvec].

Reading eigenvalues from [full.strep_mutans_asm5_4.eigenval].
50 eigenvalues are read from [full.strep_mutans_asm5_4.eigenval]
277 individuals in common between the input files are included in the analysis.

Calculating PC loadings of SNPs...

Saving the PC loadings of 3980 SNPs to [full.strep_mutans_asm5_4.pcl] ...

Analysis finished at 15:19:16 CET on Tue Mar 26 2024
Overall computational time: 0.36 sec.
